<?xml version="1.0" encoding="UTF-8"?>
<testng-results ignored="0" total="5" passed="5" failed="0" skipped="0">
  <reporter-output>
  </reporter-output>
  <suite started-at="2021-10-18T21:10:39 ICT" name="Default suite" finished-at="2021-10-18T21:11:36 ICT" duration-ms="57122">
    <groups>
    </groups>
    <test started-at="2021-10-18T21:10:39 ICT" name="Default test" finished-at="2021-10-18T21:11:36 ICT" duration-ms="57122">
      <class name="loginTests.NegativeLogInTests">
        <test-method is-config="true" signature="setUp(java.lang.reflect.Method,java.lang.String,org.testng.ITestContext)[pri:0, instance:loginTests.NegativeLogInTests@2fb3536e]" started-at="2021-10-18T21:10:39 ICT" name="setUp" finished-at="2021-10-18T21:10:45 ICT" duration-ms="6556" status="PASS">
          <params>
            <param index="0">
              <value>
                <![CDATA[public void loginTests.NegativeLogInTests.negativeLogInTest(java.util.Map)]]>
              </value>
            </param>
            <param index="1">
              <value>
                <![CDATA[chrome]]>
              </value>
            </param>
            <param index="2">
              <value>
                <![CDATA[org.testng.TestRunner@6088451e]]>
              </value>
            </param>
          </params>
          <reporter-output>
          </reporter-output>
        </test-method> <!-- setUp -->
        <test-method signature="negativeLogInTest(java.util.Map)[pri:1, instance:loginTests.NegativeLogInTests@2fb3536e]" started-at="2021-10-18T21:10:45 ICT" name="negativeLogInTest" data-provider="csvReader" finished-at="2021-10-18T21:10:50 ICT" duration-ms="4344" status="PASS">
          <params>
            <param index="0">
              <value>
                <![CDATA[{no=1, description=incorrect username, password=SuperSecretPassword!, expectedMessage=Your username is invalid!, username=incorrectUsername}]]>
              </value>
            </param>
          </params>
          <reporter-output>
          </reporter-output>
        </test-method> <!-- negativeLogInTest -->
        <test-method is-config="true" signature="tearDown()[pri:0, instance:loginTests.NegativeLogInTests@2fb3536e]" started-at="2021-10-18T21:10:50 ICT" name="tearDown" finished-at="2021-10-18T21:10:50 ICT" duration-ms="699" status="PASS">
          <reporter-output>
          </reporter-output>
        </test-method> <!-- tearDown -->
        <test-method is-config="true" signature="setUp(java.lang.reflect.Method,java.lang.String,org.testng.ITestContext)[pri:0, instance:loginTests.NegativeLogInTests@2fb3536e]" started-at="2021-10-18T21:10:50 ICT" name="setUp" finished-at="2021-10-18T21:10:56 ICT" duration-ms="5243" status="PASS">
          <params>
            <param index="0">
              <value>
                <![CDATA[public void loginTests.NegativeLogInTests.negativeLogInTest(java.util.Map)]]>
              </value>
            </param>
            <param index="1">
              <value>
                <![CDATA[chrome]]>
              </value>
            </param>
            <param index="2">
              <value>
                <![CDATA[org.testng.TestRunner@6088451e]]>
              </value>
            </param>
          </params>
          <reporter-output>
          </reporter-output>
        </test-method> <!-- setUp -->
        <test-method signature="negativeLogInTest(java.util.Map)[pri:1, instance:loginTests.NegativeLogInTests@2fb3536e]" started-at="2021-10-18T21:10:56 ICT" name="negativeLogInTest" data-provider="csvReader" finished-at="2021-10-18T21:11:03 ICT" duration-ms="7189" status="PASS">
          <params>
            <param index="0">
              <value>
                <![CDATA[{no=2, description=incorrect password, password=incorrectPassword, expectedMessage=Your password is invalid!, username=tomsmith}]]>
              </value>
            </param>
          </params>
          <reporter-output>
          </reporter-output>
        </test-method> <!-- negativeLogInTest -->
        <test-method is-config="true" signature="tearDown()[pri:0, instance:loginTests.NegativeLogInTests@2fb3536e]" started-at="2021-10-18T21:11:03 ICT" name="tearDown" finished-at="2021-10-18T21:11:04 ICT" duration-ms="692" status="PASS">
          <reporter-output>
          </reporter-output>
        </test-method> <!-- tearDown -->
        <test-method is-config="true" signature="setUp(java.lang.reflect.Method,java.lang.String,org.testng.ITestContext)[pri:0, instance:loginTests.NegativeLogInTests@2fb3536e]" started-at="2021-10-18T21:11:04 ICT" name="setUp" finished-at="2021-10-18T21:11:09 ICT" duration-ms="5792" status="PASS">
          <params>
            <param index="0">
              <value>
                <![CDATA[public void loginTests.NegativeLogInTests.negativeLogInTest(java.util.Map)]]>
              </value>
            </param>
            <param index="1">
              <value>
                <![CDATA[chrome]]>
              </value>
            </param>
            <param index="2">
              <value>
                <![CDATA[org.testng.TestRunner@6088451e]]>
              </value>
            </param>
          </params>
          <reporter-output>
          </reporter-output>
        </test-method> <!-- setUp -->
        <test-method signature="negativeLogInTest(java.util.Map)[pri:1, instance:loginTests.NegativeLogInTests@2fb3536e]" started-at="2021-10-18T21:11:09 ICT" name="negativeLogInTest" data-provider="csvReader" finished-at="2021-10-18T21:11:14 ICT" duration-ms="4919" status="PASS">
          <params>
            <param index="0">
              <value>
                <![CDATA[{no=3, description=incorrect username and password, password=incorrectPassword, expectedMessage=Your username is invalid!, username=incorrectUsername}]]>
              </value>
            </param>
          </params>
          <reporter-output>
          </reporter-output>
        </test-method> <!-- negativeLogInTest -->
        <test-method is-config="true" signature="tearDown()[pri:0, instance:loginTests.NegativeLogInTests@2fb3536e]" started-at="2021-10-18T21:11:14 ICT" name="tearDown" finished-at="2021-10-18T21:11:15 ICT" duration-ms="626" status="PASS">
          <reporter-output>
          </reporter-output>
        </test-method> <!-- tearDown -->
        <test-method is-config="true" signature="setUp(java.lang.reflect.Method,java.lang.String,org.testng.ITestContext)[pri:0, instance:loginTests.NegativeLogInTests@2fb3536e]" started-at="2021-10-18T21:11:15 ICT" name="setUp" finished-at="2021-10-18T21:11:20 ICT" duration-ms="5599" status="PASS">
          <params>
            <param index="0">
              <value>
                <![CDATA[public void loginTests.NegativeLogInTests.negativeLogInTest(java.util.Map)]]>
              </value>
            </param>
            <param index="1">
              <value>
                <![CDATA[chrome]]>
              </value>
            </param>
            <param index="2">
              <value>
                <![CDATA[org.testng.TestRunner@6088451e]]>
              </value>
            </param>
          </params>
          <reporter-output>
          </reporter-output>
        </test-method> <!-- setUp -->
        <test-method signature="negativeLogInTest(java.util.Map)[pri:1, instance:loginTests.NegativeLogInTests@2fb3536e]" started-at="2021-10-18T21:11:20 ICT" name="negativeLogInTest" data-provider="csvReader" finished-at="2021-10-18T21:11:25 ICT" duration-ms="4057" status="PASS">
          <params>
            <param index="0">
              <value>
                <![CDATA[{no=4, description=empty username, password=SuperSecretPassword!, expectedMessage=Your username is invalid!, username=}]]>
              </value>
            </param>
          </params>
          <reporter-output>
          </reporter-output>
        </test-method> <!-- negativeLogInTest -->
        <test-method is-config="true" signature="tearDown()[pri:0, instance:loginTests.NegativeLogInTests@2fb3536e]" started-at="2021-10-18T21:11:25 ICT" name="tearDown" finished-at="2021-10-18T21:11:25 ICT" duration-ms="765" status="PASS">
          <reporter-output>
          </reporter-output>
        </test-method> <!-- tearDown -->
        <test-method is-config="true" signature="setUp(java.lang.reflect.Method,java.lang.String,org.testng.ITestContext)[pri:0, instance:loginTests.NegativeLogInTests@2fb3536e]" started-at="2021-10-18T21:11:25 ICT" name="setUp" finished-at="2021-10-18T21:11:31 ICT" duration-ms="5701" status="PASS">
          <params>
            <param index="0">
              <value>
                <![CDATA[public void loginTests.NegativeLogInTests.negativeLogInTest(java.util.Map)]]>
              </value>
            </param>
            <param index="1">
              <value>
                <![CDATA[chrome]]>
              </value>
            </param>
            <param index="2">
              <value>
                <![CDATA[org.testng.TestRunner@6088451e]]>
              </value>
            </param>
          </params>
          <reporter-output>
          </reporter-output>
        </test-method> <!-- setUp -->
        <test-method signature="negativeLogInTest(java.util.Map)[pri:1, instance:loginTests.NegativeLogInTests@2fb3536e]" started-at="2021-10-18T21:11:31 ICT" name="negativeLogInTest" data-provider="csvReader" finished-at="2021-10-18T21:11:35 ICT" duration-ms="4191" status="PASS">
          <params>
            <param index="0">
              <value>
                <![CDATA[{no=5, description=empty password, password=, expectedMessage=Your password is invalid!, username=tomsmith}]]>
              </value>
            </param>
          </params>
          <reporter-output>
          </reporter-output>
        </test-method> <!-- negativeLogInTest -->
        <test-method is-config="true" signature="tearDown()[pri:0, instance:loginTests.NegativeLogInTests@2fb3536e]" started-at="2021-10-18T21:11:35 ICT" name="tearDown" finished-at="2021-10-18T21:11:36 ICT" duration-ms="686" status="PASS">
          <reporter-output>
          </reporter-output>
        </test-method> <!-- tearDown -->
      </class> <!-- loginTests.NegativeLogInTests -->
    </test> <!-- Default test -->
  </suite> <!-- Default suite -->
</testng-results>
