<?xml version="1.0" encoding="UTF-8"?>
<testng-results ignored="0" total="1" passed="1" failed="0" skipped="0">
  <reporter-output>
  </reporter-output>
  <suite started-at="2021-10-08T14:38:53 ICT" name="Default suite" finished-at="2021-10-08T14:39:05 ICT" duration-ms="11546">
    <groups>
    </groups>
    <test started-at="2021-10-08T14:38:53 ICT" name="Default test" finished-at="2021-10-08T14:39:05 ICT" duration-ms="11546">
      <class name="multipleWindowsTests.MultipleWindowsTests">
        <test-method is-config="true" signature="setUp(java.lang.reflect.Method,java.lang.String,org.testng.ITestContext)[pri:0, instance:multipleWindowsTests.MultipleWindowsTests@f736069]" started-at="2021-10-08T14:38:53 ICT" name="setUp" finished-at="2021-10-08T14:39:00 ICT" duration-ms="6809" status="PASS">
          <params>
            <param index="0">
              <value>
                <![CDATA[public void multipleWindowsTests.MultipleWindowsTests.newTab()]]>
              </value>
            </param>
            <param index="1">
              <value>
                <![CDATA[chrome]]>
              </value>
            </param>
            <param index="2">
              <value>
                <![CDATA[org.testng.TestRunner@1319bc2a]]>
              </value>
            </param>
          </params>
          <reporter-output>
          </reporter-output>
        </test-method> <!-- setUp -->
        <test-method signature="newTab()[pri:0, instance:multipleWindowsTests.MultipleWindowsTests@f736069]" started-at="2021-10-08T14:39:00 ICT" name="newTab" finished-at="2021-10-08T14:39:04 ICT" duration-ms="4025" status="PASS">
          <reporter-output>
          </reporter-output>
        </test-method> <!-- newTab -->
        <test-method is-config="true" signature="tearDown()[pri:0, instance:multipleWindowsTests.MultipleWindowsTests@f736069]" started-at="2021-10-08T14:39:04 ICT" name="tearDown" finished-at="2021-10-08T14:39:05 ICT" duration-ms="675" status="PASS">
          <reporter-output>
          </reporter-output>
        </test-method> <!-- tearDown -->
      </class> <!-- multipleWindowsTests.MultipleWindowsTests -->
    </test> <!-- Default test -->
  </suite> <!-- Default suite -->
</testng-results>
