<?xml version="1.0" encoding="UTF-8"?>
<!-- Generated by org.testng.reporters.JUnitXMLReporter -->
<testsuite ignored="0" hostname="5CG127066X" failures="0" tests="5" name="Default test" time="57.122" errors="0" timestamp="2021-10-18T21:11:36 ICT">
  <testcase classname="loginTests.NegativeLogInTests" name="negativeLogInTest" time="4.344"/>
  <testcase classname="loginTests.NegativeLogInTests" name="negativeLogInTest" time="7.189"/>
  <testcase classname="loginTests.NegativeLogInTests" name="negativeLogInTest" time="4.919"/>
  <testcase classname="loginTests.NegativeLogInTests" name="negativeLogInTest" time="4.057"/>
  <testcase classname="loginTests.NegativeLogInTests" name="negativeLogInTest" time="4.191"/>
</testsuite> <!-- Default test -->
